<?xml version="1.0" encoding="UTF-8"?>
<testng-results ignored="0" total="1" passed="1" failed="0" skipped="0">
  <reporter-output>
    <line>
      <![CDATA[Browser opened and testcase will start]]>
    </line>
  </reporter-output>
  <suite started-at="2023-06-03T21:45:16 IST" name="Default suite" finished-at="2023-06-03T21:46:25 IST" duration-ms="69122">
    <groups>
    </groups>
    <test started-at="2023-06-03T21:45:16 IST" name="Default test" finished-at="2023-06-03T21:46:25 IST" duration-ms="69122">
      <class name="testPackage.ValidLoginTestCase">
        <test-method is-config="true" signature="setUp()[pri:0, instance:testPackage.ValidLoginTestCase@29e495ff]" started-at="2023-06-03T21:45:16 IST" name="setUp" finished-at="2023-06-03T21:45:23 IST" duration-ms="6763" status="PASS">
          <reporter-output>
          </reporter-output>
        </test-method> <!-- setUp -->
        <test-method signature="validTestCase()[pri:0, instance:testPackage.ValidLoginTestCase@29e495ff]" started-at="2023-06-03T21:45:23 IST" name="validTestCase" finished-at="2023-06-03T21:46:22 IST" duration-ms="59850" status="PASS">
          <reporter-output>
            <line>
              <![CDATA[Browser opened and testcase will start]]>
            </line>
          </reporter-output>
        </test-method> <!-- validTestCase -->
        <test-method is-config="true" signature="tearDown()[pri:0, instance:testPackage.ValidLoginTestCase@29e495ff]" started-at="2023-06-03T21:46:22 IST" name="tearDown" finished-at="2023-06-03T21:46:25 IST" duration-ms="2430" status="PASS">
          <reporter-output>
          </reporter-output>
        </test-method> <!-- tearDown -->
      </class> <!-- testPackage.ValidLoginTestCase -->
    </test> <!-- Default test -->
  </suite> <!-- Default suite -->
</testng-results>
