<?xml version="1.0" encoding="UTF-8"?>
<!-- Generated by org.testng.reporters.JUnitXMLReporter -->
<testsuite ignored="6" hostname="CPANIGRA-KPMX3" failures="0" tests="12" name="Test" time="0.13" errors="0" timestamp="2023-05-29T20:59:34 IST">
  <testcase classname="testNGflags.Flag7" name="ft1" time="0.012"/>
  <testcase classname="testNGflags.Flag7" name="ft2" time="0.003"/>
  <testcase classname="testNGflags.Flag7" name="ft3" time="0.002"/>
  <testcase classname="testNGflags.Flag7" name="ft4" time="0.002"/>
  <testcase classname="testNGflags.Flag7" name="ft5" time="0.004"/>
  <testcase classname="testNGflags.Flag7" name="ft6" time="0.007"/>
  <testcase classname="testNGflags.Flag7" name="it1" time="0.002"/>
  <testcase classname="testNGflags.Flag7" name="it2" time="0.003"/>
  <testcase classname="testNGflags.Flag7" name="it3" time="0.003"/>
  <testcase classname="testNGflags.Flag7" name="it4" time="0.003"/>
  <testcase classname="testNGflags.Flag7" name="it5" time="0.001"/>
  <testcase classname="testNGflags.Flag7" name="it6" time="0.002"/>
  <testcase classname="testNGflags.Flag7" name="st2" time="0.0">
    <ignored/>
  </testcase> <!-- st2 -->
  <testcase classname="testNGflags.Flag7" name="st4" time="0.0">
    <ignored/>
  </testcase> <!-- st4 -->
  <testcase classname="testNGflags.Flag7" name="st1" time="0.0">
    <ignored/>
  </testcase> <!-- st1 -->
  <testcase classname="testNGflags.Flag7" name="st6" time="0.0">
    <ignored/>
  </testcase> <!-- st6 -->
  <testcase classname="testNGflags.Flag7" name="st3" time="0.0">
    <ignored/>
  </testcase> <!-- st3 -->
  <testcase classname="testNGflags.Flag7" name="st5" time="0.0">
    <ignored/>
  </testcase> <!-- st5 -->
</testsuite> <!-- Test -->
