<?xml version="1.0" encoding="UTF-8"?>
<!-- Generated by org.testng.reporters.JUnitXMLReporter -->
<testsuite ignored="0" hostname="CPANIGRA-KPMX3" failures="0" tests="5" name="Default test" time="65.411" errors="0" timestamp="2023-05-30T10:25:20 IST">
  <testcase classname="dynamicScreenShotByTestNG.ActiTimeDataProvider" name="loginInvalid" time="4.967"/>
  <testcase classname="dynamicScreenShotByTestNG.ActiTimeDataProvider" name="loginInvalid" time="4.831"/>
  <testcase classname="dynamicScreenShotByTestNG.ActiTimeDataProvider" name="loginInvalid" time="4.656"/>
  <testcase classname="dynamicScreenShotByTestNG.ActiTimeDataProvider" name="loginInvalid" time="4.837"/>
  <testcase classname="dynamicScreenShotByTestNG.ActiTimeDataProvider" name="loginInvalid" time="4.85"/>
</testsuite> <!-- Default test -->
