<?xml version="1.0" encoding="UTF-8"?>
<testng-results ignored="0" total="5" passed="5" failed="0" skipped="0">
  <reporter-output>
  </reporter-output>
  <suite started-at="2023-05-30T10:24:14 IST" name="Default suite" finished-at="2023-05-30T10:25:20 IST" duration-ms="65411">
    <groups>
    </groups>
    <test started-at="2023-05-30T10:24:14 IST" name="Default test" finished-at="2023-05-30T10:25:20 IST" duration-ms="65411">
      <class name="dynamicScreenShotByTestNG.ActiTimeDataProvider">
        <test-method is-config="true" signature="property()[pri:0, instance:dynamicScreenShotByTestNG.ActiTimeDataProvider@3d5c822d]" started-at="2023-05-30T10:24:14 IST" name="property" finished-at="2023-05-30T10:24:14 IST" duration-ms="20" status="PASS">
          <reporter-output>
          </reporter-output>
        </test-method> <!-- property -->
        <test-method is-config="true" signature="setUp()[pri:0, instance:dynamicScreenShotByTestNG.ActiTimeDataProvider@3d5c822d]" started-at="2023-05-30T10:24:14 IST" name="setUp" finished-at="2023-05-30T10:24:22 IST" duration-ms="7396" status="PASS">
          <reporter-output>
          </reporter-output>
        </test-method> <!-- setUp -->
        <test-method signature="loginInvalid(java.lang.String,java.lang.String)[pri:0, instance:dynamicScreenShotByTestNG.ActiTimeDataProvider@3d5c822d]" started-at="2023-05-30T10:24:22 IST" name="loginInvalid" data-provider="testActiTime" finished-at="2023-05-30T10:24:27 IST" duration-ms="4967" status="PASS">
          <params>
            <param index="0">
              <value>
                <![CDATA[Admin]]>
              </value>
            </param>
            <param index="1">
              <value>
                <![CDATA[Manager]]>
              </value>
            </param>
          </params>
          <reporter-output>
          </reporter-output>
        </test-method> <!-- loginInvalid -->
        <test-method is-config="true" signature="tearDown()[pri:0, instance:dynamicScreenShotByTestNG.ActiTimeDataProvider@3d5c822d]" started-at="2023-05-30T10:24:27 IST" name="tearDown" finished-at="2023-05-30T10:24:29 IST" duration-ms="2148" status="PASS">
          <reporter-output>
          </reporter-output>
        </test-method> <!-- tearDown -->
        <test-method is-config="true" signature="setUp()[pri:0, instance:dynamicScreenShotByTestNG.ActiTimeDataProvider@3d5c822d]" started-at="2023-05-30T10:24:29 IST" name="setUp" finished-at="2023-05-30T10:24:35 IST" duration-ms="6412" status="PASS">
          <reporter-output>
          </reporter-output>
        </test-method> <!-- setUp -->
        <test-method signature="loginInvalid(java.lang.String,java.lang.String)[pri:0, instance:dynamicScreenShotByTestNG.ActiTimeDataProvider@3d5c822d]" started-at="2023-05-30T10:24:35 IST" name="loginInvalid" data-provider="testActiTime" finished-at="2023-05-30T10:24:40 IST" duration-ms="4831" status="PASS">
          <params>
            <param index="0">
              <value>
                <![CDATA[Admin123]]>
              </value>
            </param>
            <param index="1">
              <value>
                <![CDATA[Manager123]]>
              </value>
            </param>
          </params>
          <reporter-output>
          </reporter-output>
        </test-method> <!-- loginInvalid -->
        <test-method is-config="true" signature="tearDown()[pri:0, instance:dynamicScreenShotByTestNG.ActiTimeDataProvider@3d5c822d]" started-at="2023-05-30T10:24:40 IST" name="tearDown" finished-at="2023-05-30T10:24:42 IST" duration-ms="1854" status="PASS">
          <reporter-output>
          </reporter-output>
        </test-method> <!-- tearDown -->
        <test-method is-config="true" signature="setUp()[pri:0, instance:dynamicScreenShotByTestNG.ActiTimeDataProvider@3d5c822d]" started-at="2023-05-30T10:24:42 IST" name="setUp" finished-at="2023-05-30T10:24:48 IST" duration-ms="6043" status="PASS">
          <reporter-output>
          </reporter-output>
        </test-method> <!-- setUp -->
        <test-method signature="loginInvalid(java.lang.String,java.lang.String)[pri:0, instance:dynamicScreenShotByTestNG.ActiTimeDataProvider@3d5c822d]" started-at="2023-05-30T10:24:48 IST" name="loginInvalid" data-provider="testActiTime" finished-at="2023-05-30T10:24:53 IST" duration-ms="4656" status="PASS">
          <params>
            <param index="0">
              <value>
                <![CDATA[Admi_n]]>
              </value>
            </param>
            <param index="1">
              <value>
                <![CDATA[Mana_ger]]>
              </value>
            </param>
          </params>
          <reporter-output>
          </reporter-output>
        </test-method> <!-- loginInvalid -->
        <test-method is-config="true" signature="tearDown()[pri:0, instance:dynamicScreenShotByTestNG.ActiTimeDataProvider@3d5c822d]" started-at="2023-05-30T10:24:53 IST" name="tearDown" finished-at="2023-05-30T10:24:55 IST" duration-ms="2085" status="PASS">
          <reporter-output>
          </reporter-output>
        </test-method> <!-- tearDown -->
        <test-method is-config="true" signature="setUp()[pri:0, instance:dynamicScreenShotByTestNG.ActiTimeDataProvider@3d5c822d]" started-at="2023-05-30T10:24:55 IST" name="setUp" finished-at="2023-05-30T10:25:01 IST" duration-ms="6087" status="PASS">
          <reporter-output>
          </reporter-output>
        </test-method> <!-- setUp -->
        <test-method signature="loginInvalid(java.lang.String,java.lang.String)[pri:0, instance:dynamicScreenShotByTestNG.ActiTimeDataProvider@3d5c822d]" started-at="2023-05-30T10:25:01 IST" name="loginInvalid" data-provider="testActiTime" finished-at="2023-05-30T10:25:06 IST" duration-ms="4837" status="PASS">
          <params>
            <param index="0">
              <value>
                <![CDATA[Adm&in]]>
              </value>
            </param>
            <param index="1">
              <value>
                <![CDATA[Manag%r]]>
              </value>
            </param>
          </params>
          <reporter-output>
          </reporter-output>
        </test-method> <!-- loginInvalid -->
        <test-method is-config="true" signature="tearDown()[pri:0, instance:dynamicScreenShotByTestNG.ActiTimeDataProvider@3d5c822d]" started-at="2023-05-30T10:25:06 IST" name="tearDown" finished-at="2023-05-30T10:25:08 IST" duration-ms="1844" status="PASS">
          <reporter-output>
          </reporter-output>
        </test-method> <!-- tearDown -->
        <test-method is-config="true" signature="setUp()[pri:0, instance:dynamicScreenShotByTestNG.ActiTimeDataProvider@3d5c822d]" started-at="2023-05-30T10:25:08 IST" name="setUp" finished-at="2023-05-30T10:25:13 IST" duration-ms="5424" status="PASS">
          <reporter-output>
          </reporter-output>
        </test-method> <!-- setUp -->
        <test-method signature="loginInvalid(java.lang.String,java.lang.String)[pri:0, instance:dynamicScreenShotByTestNG.ActiTimeDataProvider@3d5c822d]" started-at="2023-05-30T10:25:13 IST" name="loginInvalid" data-provider="testActiTime" finished-at="2023-05-30T10:25:18 IST" duration-ms="4850" status="PASS">
          <params>
            <param index="0">
              <value>
                <![CDATA[manager]]>
              </value>
            </param>
            <param index="1">
              <value>
                <![CDATA[Admin]]>
              </value>
            </param>
          </params>
          <reporter-output>
          </reporter-output>
        </test-method> <!-- loginInvalid -->
        <test-method is-config="true" signature="tearDown()[pri:0, instance:dynamicScreenShotByTestNG.ActiTimeDataProvider@3d5c822d]" started-at="2023-05-30T10:25:18 IST" name="tearDown" finished-at="2023-05-30T10:25:20 IST" duration-ms="1827" status="PASS">
          <reporter-output>
          </reporter-output>
        </test-method> <!-- tearDown -->
      </class> <!-- dynamicScreenShotByTestNG.ActiTimeDataProvider -->
    </test> <!-- Default test -->
  </suite> <!-- Default suite -->
</testng-results>
